This file contains any messages produced by compilers while
running configure, to aid debugging if configure makes a mistake.

It was created by configure, which was
generated by GNU Autoconf 2.59.  Invocation command line was

  $ ./configure 

## --------- ##
## Platform. ##
## --------- ##

hostname = Rob-Hetlands-MacBook.local
uname -m = i386
uname -r = 8.8.1
uname -s = Darwin
uname -v = Darwin Kernel Version 8.8.1: Mon Sep 25 19:42:00 PDT 2006; root:xnu-792.13.8.obj~1/RELEASE_I386

/usr/bin/uname -p = i386
/bin/uname -X     = unknown

/bin/arch              = unknown
/usr/bin/arch -k       = unknown
/usr/convex/getsysinfo = unknown
hostinfo               = Mach kernel version:
	 Darwin Kernel Version 8.8.1: Mon Sep 25 19:42:00 PDT 2006; root:xnu-792.13.8.obj~1/RELEASE_I386
Kernel configured for up to 2 processors.
2 processors are physically available.
2 processors are logically available.
Processor type: i486 (Intel 80486)
Processors active: 0 1
Primary memory available: 2.00 gigabytes
Default processor set: 96 tasks, 377 threads, 2 processors
Load average: 0.59, Mach factor: 1.40
/bin/machine           = unknown
/usr/bin/oslevel       = unknown
/bin/universe          = unknown

PATH: /Library/Frameworks/Python.framework/Versions/Current/bin
PATH: /usr/local/bin
PATH: /Users/rob/bin
PATH: /usr/local/teTeX/bin/powerpc-apple-darwin-current
PATH: /usr/local/qt/bin
PATH: /usr/local/bin
PATH: /bin
PATH: /sbin
PATH: /usr/bin
PATH: /usr/sbin
PATH: /usr/local/teTeX/bin/i386-apple-darwin-current


## ----------- ##
## Core tests. ##
## ----------- ##

configure:1347: checking for gcc
configure:1373: result: gcc
configure:1617: checking for C compiler version
configure:1620: gcc --version </dev/null >&5
i686-apple-darwin8-gcc-4.0.1 (GCC) 4.0.1 (Apple Computer, Inc. build 5341)
Copyright (C) 2005 Free Software Foundation, Inc.
This is free software; see the source for copying conditions.  There is NO
warranty; not even for MERCHANTABILITY or FITNESS FOR A PARTICULAR PURPOSE.

configure:1623: $? = 0
configure:1625: gcc -v </dev/null >&5
Using built-in specs.
Target: i686-apple-darwin8
Configured with: /private/var/tmp/gcc/gcc-5341.obj~1/src/configure --disable-checking -enable-werror --prefix=/usr --mandir=/share/man --enable-languages=c,objc,c++,obj-c++ --program-transform-name=/^[cg][^.-]*$/s/$/-4.0/ --with-gxx-include-dir=/include/c++/4.0.0 --with-slibdir=/usr/lib --build=powerpc-apple-darwin8 --with-arch=pentium-m --with-tune=prescott --program-prefix= --host=i686-apple-darwin8 --target=i686-apple-darwin8
Thread model: posix
gcc version 4.0.1 (Apple Computer, Inc. build 5341)
configure:1628: $? = 0
configure:1630: gcc -V </dev/null >&5
gcc: argument to `-V' is missing
configure:1633: $? = 1
configure:1656: checking for C compiler default output file name
configure:1659: gcc -g -O2 -Wall -pedantic   conftest.c  >&5
configure:1662: $? = 0
configure:1708: result: a.out
configure:1713: checking whether the C compiler works
configure:1719: ./a.out
configure:1722: $? = 0
configure:1739: result: yes
configure:1746: checking whether we are cross compiling
configure:1748: result: no
configure:1751: checking for suffix of executables
configure:1753: gcc -o conftest -g -O2 -Wall -pedantic   conftest.c  >&5
configure:1756: $? = 0
configure:1781: result: 
configure:1787: checking for suffix of object files
configure:1808: gcc -c -g -O2 -Wall -pedantic  conftest.c >&5
configure:1811: $? = 0
configure:1833: result: o
configure:1837: checking whether we are using the GNU C compiler
configure:1861: gcc -c -g -O2 -Wall -pedantic  conftest.c >&5
configure:1867: $? = 0
configure:1871: test -z 
			 || test ! -s conftest.err
configure:1874: $? = 0
configure:1877: test -s conftest.o
configure:1880: $? = 0
configure:1893: result: yes
configure:1899: checking whether gcc accepts -g
configure:1920: gcc -c -g  conftest.c >&5
configure:1926: $? = 0
configure:1930: test -z 
			 || test ! -s conftest.err
configure:1933: $? = 0
configure:1936: test -s conftest.o
configure:1939: $? = 0
configure:1950: result: yes
configure:1967: checking for gcc option to accept ANSI C
configure:2037: gcc  -c -g -O2 -Wall -pedantic  conftest.c >&5
configure:2043: $? = 0
configure:2047: test -z 
			 || test ! -s conftest.err
configure:2050: $? = 0
configure:2053: test -s conftest.o
configure:2056: $? = 0
configure:2074: result: none needed
configure:2092: gcc -c -g -O2 -Wall -pedantic  conftest.c >&5
conftest.c:2: error: parse error before 'me'
configure:2098: $? = 1
configure: failed program was:
| #ifndef __cplusplus
|   choke me
| #endif
configure:2269: checking for a BSD-compatible install
configure:2324: result: /usr/local/bin/install -c
configure:2337: checking for ar
configure:2353: found /usr/bin/ar
configure:2364: result: ar
configure:2378: checking how to run the C preprocessor
configure:2413: gcc -E  conftest.c
configure:2419: $? = 0
configure:2451: gcc -E  conftest.c
conftest.c:9:28: error: ac_nonexistent.h: No such file or directory
configure:2457: $? = 1
configure: failed program was:
| /* confdefs.h.  */
| 
| #define PACKAGE_NAME ""
| #define PACKAGE_TARNAME ""
| #define PACKAGE_VERSION ""
| #define PACKAGE_STRING ""
| #define PACKAGE_BUGREPORT ""
| /* end confdefs.h.  */
| #include <ac_nonexistent.h>
configure:2496: result: gcc -E
configure:2520: gcc -E  conftest.c
configure:2526: $? = 0
configure:2558: gcc -E  conftest.c
conftest.c:9:28: error: ac_nonexistent.h: No such file or directory
configure:2564: $? = 1
configure: failed program was:
| /* confdefs.h.  */
| 
| #define PACKAGE_NAME ""
| #define PACKAGE_TARNAME ""
| #define PACKAGE_VERSION ""
| #define PACKAGE_STRING ""
| #define PACKAGE_BUGREPORT ""
| /* end confdefs.h.  */
| #include <ac_nonexistent.h>
configure:2608: checking for egrep
configure:2618: result: grep -E
configure:2623: checking for ANSI C header files
configure:2648: gcc -c -g -O2 -Wall -pedantic  conftest.c >&5
configure:2654: $? = 0
configure:2658: test -z 
			 || test ! -s conftest.err
configure:2661: $? = 0
configure:2664: test -s conftest.o
configure:2667: $? = 0
configure:2753: gcc -o conftest -g -O2 -Wall -pedantic   conftest.c  >&5
conftest.c: In function 'main':
conftest.c:26: warning: implicit declaration of function 'exit'
conftest.c:26: warning: incompatible implicit declaration of built-in function 'exit'
configure:2756: $? = 0
configure:2758: ./conftest
configure:2761: $? = 0
configure:2776: result: yes
configure:2800: checking for sys/types.h
configure:2816: gcc -c -g -O2 -Wall -pedantic  conftest.c >&5
configure:2822: $? = 0
configure:2826: test -z 
			 || test ! -s conftest.err
configure:2829: $? = 0
configure:2832: test -s conftest.o
configure:2835: $? = 0
configure:2846: result: yes
configure:2800: checking for sys/stat.h
configure:2816: gcc -c -g -O2 -Wall -pedantic  conftest.c >&5
configure:2822: $? = 0
configure:2826: test -z 
			 || test ! -s conftest.err
configure:2829: $? = 0
configure:2832: test -s conftest.o
configure:2835: $? = 0
configure:2846: result: yes
configure:2800: checking for stdlib.h
configure:2816: gcc -c -g -O2 -Wall -pedantic  conftest.c >&5
configure:2822: $? = 0
configure:2826: test -z 
			 || test ! -s conftest.err
configure:2829: $? = 0
configure:2832: test -s conftest.o
configure:2835: $? = 0
configure:2846: result: yes
configure:2800: checking for string.h
configure:2816: gcc -c -g -O2 -Wall -pedantic  conftest.c >&5
configure:2822: $? = 0
configure:2826: test -z 
			 || test ! -s conftest.err
configure:2829: $? = 0
configure:2832: test -s conftest.o
configure:2835: $? = 0
configure:2846: result: yes
configure:2800: checking for memory.h
configure:2816: gcc -c -g -O2 -Wall -pedantic  conftest.c >&5
configure:2822: $? = 0
configure:2826: test -z 
			 || test ! -s conftest.err
configure:2829: $? = 0
configure:2832: test -s conftest.o
configure:2835: $? = 0
configure:2846: result: yes
configure:2800: checking for strings.h
configure:2816: gcc -c -g -O2 -Wall -pedantic  conftest.c >&5
configure:2822: $? = 0
configure:2826: test -z 
			 || test ! -s conftest.err
configure:2829: $? = 0
configure:2832: test -s conftest.o
configure:2835: $? = 0
configure:2846: result: yes
configure:2800: checking for inttypes.h
configure:2816: gcc -c -g -O2 -Wall -pedantic  conftest.c >&5
configure:2822: $? = 0
configure:2826: test -z 
			 || test ! -s conftest.err
configure:2829: $? = 0
configure:2832: test -s conftest.o
configure:2835: $? = 0
configure:2846: result: yes
configure:2800: checking for stdint.h
configure:2816: gcc -c -g -O2 -Wall -pedantic  conftest.c >&5
configure:2822: $? = 0
configure:2826: test -z 
			 || test ! -s conftest.err
configure:2829: $? = 0
configure:2832: test -s conftest.o
configure:2835: $? = 0
configure:2846: result: yes
configure:2800: checking for unistd.h
configure:2816: gcc -c -g -O2 -Wall -pedantic  conftest.c >&5
configure:2822: $? = 0
configure:2826: test -z 
			 || test ! -s conftest.err
configure:2829: $? = 0
configure:2832: test -s conftest.o
configure:2835: $? = 0
configure:2846: result: yes
configure:2872: checking math.h usability
configure:2884: gcc -c -g -O2 -Wall -pedantic  conftest.c >&5
configure:2890: $? = 0
configure:2894: test -z 
			 || test ! -s conftest.err
configure:2897: $? = 0
configure:2900: test -s conftest.o
configure:2903: $? = 0
configure:2913: result: yes
configure:2917: checking math.h presence
configure:2927: gcc -E  conftest.c
configure:2933: $? = 0
configure:2953: result: yes
configure:2988: checking for math.h
configure:2995: result: yes
configure:3015: checking for main in -lm
configure:3039: gcc -o conftest -g -O2 -Wall -pedantic   conftest.c -lm   >&5
configure:3045: $? = 0
configure:3049: test -z 
			 || test ! -s conftest.err
configure:3052: $? = 0
configure:3055: test -s conftest
configure:3058: $? = 0
configure:3071: result: yes
configure:3093: checking for realloc
configure:3150: gcc -o conftest -g -O2 -Wall -pedantic   conftest.c -lm  >&5
configure:3156: $? = 0
configure:3160: test -z 
			 || test ! -s conftest.err
configure:3163: $? = 0
configure:3166: test -s conftest
configure:3169: $? = 0
configure:3181: result: yes
configure:3093: checking for hypot
configure:3150: gcc -o conftest -g -O2 -Wall -pedantic   conftest.c -lm  >&5
conftest.c:46: warning: conflicting types for built-in function 'hypot'
configure:3156: $? = 0
configure:3160: test -z 
			 || test ! -s conftest.err
configure:3163: $? = 0
configure:3166: test -s conftest
configure:3169: $? = 0
configure:3181: result: yes
configure:3200: checking for copysign
configure:3257: gcc -o conftest -g -O2 -Wall -pedantic   conftest.c -lm  >&5
conftest.c:47: warning: conflicting types for built-in function 'copysign'
configure:3263: $? = 0
configure:3267: test -z 
			 || test ! -s conftest.err
configure:3270: $? = 0
configure:3273: test -s conftest
configure:3276: $? = 0
configure:3288: result: yes
configure:3477: creating ./config.status

## ---------------------- ##
## Running config.status. ##
## ---------------------- ##

This file was extended by config.status, which was
generated by GNU Autoconf 2.59.  Invocation command line was

  CONFIG_FILES    = 
  CONFIG_HEADERS  = 
  CONFIG_LINKS    = 
  CONFIG_COMMANDS = 
  $ ./config.status 

on Rob-Hetlands-MacBook.local

config.status:651: creating makefile
config.status:755: creating config.h
config.status:867: config.h is unchanged

## ---------------- ##
## Cache variables. ##
## ---------------- ##

ac_cv_c_compiler_gnu=yes
ac_cv_env_CC_set=
ac_cv_env_CC_value=
ac_cv_env_CFLAGS_set=
ac_cv_env_CFLAGS_value=
ac_cv_env_CPPFLAGS_set=
ac_cv_env_CPPFLAGS_value=
ac_cv_env_CPP_set=
ac_cv_env_CPP_value=
ac_cv_env_LDFLAGS_set=
ac_cv_env_LDFLAGS_value=
ac_cv_env_build_alias_set=
ac_cv_env_build_alias_value=
ac_cv_env_host_alias_set=
ac_cv_env_host_alias_value=
ac_cv_env_target_alias_set=
ac_cv_env_target_alias_value=
ac_cv_exeext=
ac_cv_func_copysign=yes
ac_cv_func_hypot=yes
ac_cv_func_realloc=yes
ac_cv_header_inttypes_h=yes
ac_cv_header_math_h=yes
ac_cv_header_memory_h=yes
ac_cv_header_stdc=yes
ac_cv_header_stdint_h=yes
ac_cv_header_stdlib_h=yes
ac_cv_header_string_h=yes
ac_cv_header_strings_h=yes
ac_cv_header_sys_stat_h=yes
ac_cv_header_sys_types_h=yes
ac_cv_header_unistd_h=yes
ac_cv_lib_m=ac_cv_lib_m_main
ac_cv_lib_m_main=yes
ac_cv_objext=o
ac_cv_path_install='/usr/local/bin/install -c'
ac_cv_prog_AR=ar
ac_cv_prog_CPP='gcc -E'
ac_cv_prog_ac_ct_CC=gcc
ac_cv_prog_cc_g=yes
ac_cv_prog_cc_stdc=
ac_cv_prog_egrep='grep -E'

## ----------------- ##
## Output variables. ##
## ----------------- ##

AR='ar'
CC='gcc'
CFLAGS='-g -O2 -Wall -pedantic'
CPP='gcc -E'
CPPFLAGS=''
DEFS='-DHAVE_CONFIG_H'
ECHO_C=''
ECHO_N='-n'
ECHO_T=''
EGREP='grep -E'
EXEEXT=''
INSTALL_DATA='${INSTALL} -m 644'
INSTALL_PROGRAM='${INSTALL}'
INSTALL_SCRIPT='${INSTALL}'
LDFLAGS=''
LIBOBJS=''
LIBS='-lm '
LTLIBOBJS=''
NO_COPYSIGN=''
OBJEXT='o'
PACKAGE_BUGREPORT=''
PACKAGE_NAME=''
PACKAGE_STRING=''
PACKAGE_TARNAME=''
PACKAGE_VERSION=''
PATH_SEPARATOR=':'
SHELL='/bin/sh'
ac_ct_CC='gcc'
bindir='${exec_prefix}/bin'
build_alias=''
datadir='${prefix}/share'
exec_prefix='${prefix}'
host_alias=''
includedir='${prefix}/include'
infodir='${prefix}/info'
libdir='/usr/local/lib'
libexecdir='${exec_prefix}/libexec'
localstatedir='${prefix}/var'
mandir='${prefix}/man'
oldincludedir='/usr/include'
prefix='/usr/local'
program_transform_name='s,x,x,'
sbindir='${exec_prefix}/sbin'
sharedstatedir='${prefix}/com'
sysconfdir='${prefix}/etc'
target_alias=''

## ----------- ##
## confdefs.h. ##
## ----------- ##

#define HAVE_COPYSIGN 1
#define HAVE_HYPOT 1
#define HAVE_INTTYPES_H 1
#define HAVE_LIBM 1
#define HAVE_MATH_H 1
#define HAVE_MEMORY_H 1
#define HAVE_REALLOC 1
#define HAVE_STDINT_H 1
#define HAVE_STDLIB_H 1
#define HAVE_STRINGS_H 1
#define HAVE_STRING_H 1
#define HAVE_SYS_STAT_H 1
#define HAVE_SYS_TYPES_H 1
#define HAVE_UNISTD_H 1
#define PACKAGE_BUGREPORT ""
#define PACKAGE_NAME ""
#define PACKAGE_STRING ""
#define PACKAGE_TARNAME ""
#define PACKAGE_VERSION ""
#define STDC_HEADERS 1

configure: exit 0
